<?xml version="1.0" encoding="UTF-8"?>
<!-- Generated by org.testng.reporters.JUnitReportReporter -->
<testsuite hostname="INFCHSZA3980" name="org.brcloud.tests.RevPortTest" tests="18" failures="0" timestamp="20 Mar 2019 10:08:13 GMT" time="0.441" errors="0">
  <testcase name="RevPort" time="0.006" classname="org.brcloud.tests.RevPortTest"/>
  <testcase name="RevPort" time="0.007" classname="org.brcloud.tests.RevPortTest"/>
  <testcase name="RevPort" time="0.006" classname="org.brcloud.tests.RevPortTest"/>
  <testcase name="RevPort" time="0.008" classname="org.brcloud.tests.RevPortTest"/>
  <testcase name="RevPort" time="0.023" classname="org.brcloud.tests.RevPortTest"/>
  <testcase name="RevPort" time="0.008" classname="org.brcloud.tests.RevPortTest"/>
  <testcase name="RevPort" time="0.005" classname="org.brcloud.tests.RevPortTest"/>
  <testcase name="RevPort" time="0.043" classname="org.brcloud.tests.RevPortTest"/>
  <testcase name="RevPort" time="0.028" classname="org.brcloud.tests.RevPortTest"/>
  <testcase name="RevPort" time="0.010" classname="org.brcloud.tests.RevPortTest"/>
  <testcase name="RevPort" time="0.008" classname="org.brcloud.tests.RevPortTest"/>
  <testcase name="RevPort" time="0.004" classname="org.brcloud.tests.RevPortTest"/>
  <testcase name="RevPort" time="0.007" classname="org.brcloud.tests.RevPortTest"/>
  <testcase name="RevPort" time="0.026" classname="org.brcloud.tests.RevPortTest"/>
  <testcase name="RevPort" time="0.004" classname="org.brcloud.tests.RevPortTest"/>
  <testcase name="RevPort" time="0.007" classname="org.brcloud.tests.RevPortTest"/>
  <testcase name="RevPort" time="0.237" classname="org.brcloud.tests.RevPortTest"/>
  <testcase name="RevPort" time="0.004" classname="org.brcloud.tests.RevPortTest"/>
</testsuite> <!-- org.brcloud.tests.RevPortTest -->
