<?xml version="1.0" encoding="UTF-8"?>
<!-- Generated by org.testng.reporters.JUnitReportReporter -->
<testsuite hostname="INFCHSZA3980" name="org.cucumber.tests.OpenMRSTests" tests="1" failures="0" timestamp="13 Mar 2019 06:56:06 GMT" time="8.416" errors="0">
  <testcase name="login" time="8.416" classname="org.cucumber.tests.OpenMRSTests"/>
</testsuite> <!-- org.cucumber.tests.OpenMRSTests -->
