<?xml version="1.0" encoding="UTF-8"?>
<!-- Generated by org.testng.reporters.JUnitReportReporter -->
<testsuite hostname="INFCHSZA3980" name="org.cucumber.tests.OpenMRSTests" tests="1" failures="0" timestamp="20 Mar 2019 10:09:29 GMT" time="8.278" errors="0">
  <testcase name="login" time="8.278" classname="org.cucumber.tests.OpenMRSTests"/>
</testsuite> <!-- org.cucumber.tests.OpenMRSTests -->
