<?xml version="1.0" encoding="UTF-8"?>
<!-- Generated by org.testng.reporters.JUnitReportReporter -->
<testsuite hostname="INFCHSZA3980" name="org.cucumber.tests.OpenMRSTests1" tests="1" failures="0" timestamp="20 Mar 2019 10:09:29 GMT" time="10.531" errors="0">
  <testcase name="login" time="10.531" classname="org.cucumber.tests.OpenMRSTests1"/>
</testsuite> <!-- org.cucumber.tests.OpenMRSTests1 -->
