<?xml version="1.0" encoding="UTF-8"?>
<!-- Generated by org.testng.reporters.JUnitReportReporter -->
<testsuite hostname="INFCHSZA3980" name="org.brcloud.tests.RevPortTest" tests="18" failures="0" timestamp="14 May 2019 08:46:33 GMT" time="0.553" errors="0">
  <testcase name="RevPort" time="0.023" classname="org.brcloud.tests.RevPortTest"/>
  <testcase name="RevPort" time="0.210" classname="org.brcloud.tests.RevPortTest"/>
  <testcase name="RevPort" time="0.152" classname="org.brcloud.tests.RevPortTest"/>
  <testcase name="RevPort" time="0.008" classname="org.brcloud.tests.RevPortTest"/>
  <testcase name="RevPort" time="0.005" classname="org.brcloud.tests.RevPortTest"/>
  <testcase name="RevPort" time="0.007" classname="org.brcloud.tests.RevPortTest"/>
  <testcase name="RevPort" time="0.025" classname="org.brcloud.tests.RevPortTest"/>
  <testcase name="RevPort" time="0.007" classname="org.brcloud.tests.RevPortTest"/>
  <testcase name="RevPort" time="0.019" classname="org.brcloud.tests.RevPortTest"/>
  <testcase name="RevPort" time="0.024" classname="org.brcloud.tests.RevPortTest"/>
  <testcase name="RevPort" time="0.004" classname="org.brcloud.tests.RevPortTest"/>
  <testcase name="RevPort" time="0.004" classname="org.brcloud.tests.RevPortTest"/>
  <testcase name="RevPort" time="0.017" classname="org.brcloud.tests.RevPortTest"/>
  <testcase name="RevPort" time="0.012" classname="org.brcloud.tests.RevPortTest"/>
  <testcase name="RevPort" time="0.015" classname="org.brcloud.tests.RevPortTest"/>
  <testcase name="RevPort" time="0.008" classname="org.brcloud.tests.RevPortTest"/>
  <testcase name="RevPort" time="0.005" classname="org.brcloud.tests.RevPortTest"/>
  <testcase name="RevPort" time="0.008" classname="org.brcloud.tests.RevPortTest"/>
</testsuite> <!-- org.brcloud.tests.RevPortTest -->
