<?xml version="1.0" encoding="UTF-8"?>
<!-- Generated by org.testng.reporters.JUnitReportReporter -->
<testsuite hostname="INFCHSZA3980" name="org.brcloud.tests.SampleTests" tests="1" failures="0" timestamp="20 Mar 2019 10:08:13 GMT" time="24.227" errors="0">
  <testcase name="OpenMRS" time="24.227" classname="org.brcloud.tests.SampleTests"/>
</testsuite> <!-- org.brcloud.tests.SampleTests -->
