<?xml version="1.0" encoding="UTF-8"?>
<!-- Generated by org.testng.reporters.JUnitReportReporter -->
<testsuite hostname="INFCHSZA3980" name="org.brcloud.tests.OpenMRSTests" tests="1" failures="0" timestamp="15 Mar 2019 05:14:26 GMT" time="15.149" errors="0">
  <testcase name="OpenMRS" time="15.149" classname="org.brcloud.tests.OpenMRSTests"/>
</testsuite> <!-- org.brcloud.tests.OpenMRSTests -->
