<?xml version="1.0" encoding="UTF-8"?>
<!-- Generated by org.testng.reporters.JUnitReportReporter -->
<testsuite hostname="INFCHSZA3980" name="org.brcloud.tests.SampleTests" tests="1" failures="0" timestamp="19 Jul 2019 10:46:56 GMT" time="33.943" errors="0">
  <testcase name="OpenMRS" time="33.943" classname="org.brcloud.tests.SampleTests"/>
</testsuite> <!-- org.brcloud.tests.SampleTests -->
