<?xml version="1.0" encoding="UTF-8"?>
<!-- Generated by org.testng.reporters.JUnitReportReporter -->
<testsuite hostname="INFCHSZA3980" name="org.brcloud.tests.SampleTests" tests="1" failures="1" timestamp="14 May 2019 08:40:45 GMT" time="13.532" errors="0">
  <testcase name="OpenMRS" time="13.532" classname="org.brcloud.tests.SampleTests">
    <failure type="cucumber.runtime.CucumberException" message="java.lang.NullPointerException">
      <![CDATA[cucumber.runtime.CucumberException: java.lang.NullPointerException
	at cucumber.api.testng.TestNGCucumberRunner.runCucumber(TestNGCucumberRunner.java:69)
	at org.brcloud.tests.SampleTests.OpenMRS(SampleTests.java:34)
	at sun.reflect.NativeMethodAccessorImpl.invoke0(Native Method)
	at sun.reflect.NativeMethodAccessorImpl.invoke(Unknown Source)
	at sun.reflect.DelegatingMethodAccessorImpl.invoke(Unknown Source)
	at java.lang.reflect.Method.invoke(Unknown Source)
	at org.testng.internal.MethodInvocationHelper.invokeMethod(MethodInvocationHelper.java:80)
	at org.testng.internal.Invoker.invokeMethod(Invoker.java:714)
	at org.testng.internal.Invoker.invokeTestMethod(Invoker.java:901)
	at org.testng.internal.Invoker.invokeTestMethods(Invoker.java:1231)
	at org.testng.internal.TestMethodWorker.invokeTestMethods(TestMethodWorker.java:127)
	at org.testng.internal.TestMethodWorker.run(TestMethodWorker.java:111)
	at java.util.concurrent.ThreadPoolExecutor.runWorker(Unknown Source)
	at java.util.concurrent.ThreadPoolExecutor$Worker.run(Unknown Source)
	at java.lang.Thread.run(Unknown Source)
Caused by: java.lang.NullPointerException
	at org.brcloud.utils.expHandler.cmnExpHandler(expHandler.java:51)
	at org.brcloud.appUtils.openUrl.openBrowser(openUrl.java:12)
	at org.brcloud.stepdefs.test.pocFeatureStep.angular_org_is_displaying(pocFeatureStep.java:16)
	at ?.Given Angular.org is displaying(pocFeature.feature:7)
]]>
    </failure>
  </testcase> <!-- OpenMRS -->
</testsuite> <!-- org.brcloud.tests.SampleTests -->
