<?xml version="1.0" encoding="UTF-8"?>
<!-- Generated by org.testng.reporters.JUnitReportReporter -->
<testsuite skipped="0" hostname="INFCHSZA3980" name="testNGSample.TestNGSimpleTest" tests="1" failures="0" timestamp="11 Mar 2019 07:54:27 GMT" time="0.012" errors="0">
  <testcase name="testAdd" time="0.012" classname="testNGSample.TestNGSimpleTest"/>
</testsuite> <!-- testNGSample.TestNGSimpleTest -->
